<?xml version="1.0" encoding="UTF-8"?>
<testsuite xmlns:xsi="http://www.w3.org/2001/XMLSchema-instance" xsi:noNamespaceSchemaLocation="https://maven.apache.org/surefire/maven-surefire-plugin/xsd/surefire-test-report-3.0.xsd" version="3.0" name="com.hiberus.university.mario.maven.first.Runner.CucumberRunnerTest" time="144.843" tests="13" errors="0" skipped="0" failures="0">
  <properties>
[...]
</properties>
  <testcase name="Verify that a product can be removed from the cart" classname="Cart Test Suite" time="25.834">
    <system-out><![CDATA[
@Cart @DeleteProductToTheCart
Scenario: Verify that a product can be removed from the cart   &amp#27;[90m# src/test/resources/cart.feature:9&amp#27;[0m
  &amp#27;[32mGiven &amp#27;[0m&amp#27;[32mthe user has logged in successfully&amp#27;[0m                    &amp#27;[90m# com.hiberus.university.mario.maven.first.StepDefs.CarritoPageSteps.theUserHasLoggedInSuccessfully()&amp#27;[0m
  &amp#27;[32mAnd &amp#27;[0m&amp#27;[32mthe user is in the inventory page&amp#27;[0m                        &amp#27;[90m# com.hiberus.university.mario.maven.first.StepDefs.CarritoPageSteps.theUserIsInTheInventoryPage()&amp#27;[0m
  &amp#27;[32mWhen &amp#27;[0m&amp#27;[32mthe user adds &amp#27;[0m&amp#27;[32m&amp#27;[1m2&amp#27;[0m&amp#27;[32m products to the cart&amp#27;[0m                    &amp#27;[90m# com.hiberus.university.mario.maven.first.StepDefs.InventarioPageSteps.theUserAddsProductsToTheCart(int)&amp#27;[0m
  &amp#27;[32mAnd &amp#27;[0m&amp#27;[32mthe user clicks on the cart button&amp#27;[0m                       &amp#27;[90m# com.hiberus.university.mario.maven.first.StepDefs.CarritoPageSteps.theUserClicksOnTheCartButton()&amp#27;[0m
  &amp#27;[32mAnd &amp#27;[0m&amp#27;[32mthe user removes &amp#27;[0m&amp#27;[32m&amp#27;[1m1&amp#27;[0m&amp#27;[32m of the products from the cart&amp#27;[0m         &amp#27;[90m# com.hiberus.university.mario.maven.first.StepDefs.CarritoPageSteps.theUserRemovesOfTheProductsFromTheCart(int)&amp#27;[0m
  &amp#27;[32mThen &amp#27;[0m&amp#27;[32mthe user should not see the removed product in the cart&amp#27;[0m &amp#27;[90m# com.hiberus.university.mario.maven.first.StepDefs.CarritoPageSteps.theUserShouldNotSeeTheRemovedProductInTheCart()&amp#27;[0m
]]></system-out>
    <system-err><![CDATA[[main] INFO com.hiberus.university.mario.maven.first.Support.Hooks - startingVerify that a product can be removed from the cart
Starting ChromeDriver 114.0.5735.90 (386bc09e8f4f2e025eddae123f36f6263096ae49-refs/branch-heads/5735@{#1052}) on port 21612
Only local connections are allowed.
Please see https://chromedriver.chromium.org/security-considerations for suggestions on keeping ChromeDriver safe.
ChromeDriver was started successfully.
may 31, 2023 7:40:05 P. M. org.openqa.selenium.devtools.CdpVersionFinder findNearestMatch
WARNING: Unable to find an exact match for CDP version 114, so returning the closest version found: 110
[main] INFO com.hiberus.university.mario.maven.first.Pages.InventarioPages - ...
[main] INFO com.hiberus.university.mario.maven.first.Support.Hooks - ending Verify that a product can be removed from the cart
]]></system-err>
  </testcase>
  <testcase name="Verify prices of products in checkout match those in inventory" classname="CheckOut Test Suite" time="12.354">
    <system-out><![CDATA[
@CheckOut @VerifyItemsPrices
Scenario Outline: Verify prices of products in checkout match those in inventory                                                  &amp#27;[90m# src/test/resources/checkout.feature:19&amp#27;[0m
  &amp#27;[32mGiven &amp#27;[0m&amp#27;[32mthe user has logged in successfully&amp#27;[0m                                                                                       &amp#27;[90m# com.hiberus.university.mario.maven.first.StepDefs.CarritoPageSteps.theUserHasLoggedInSuccessfully()&amp#27;[0m
  &amp#27;[32mAnd &amp#27;[0m&amp#27;[32mthe user is in the inventory page&amp#27;[0m                                                                                           &amp#27;[90m# com.hiberus.university.mario.maven.first.StepDefs.CarritoPageSteps.theUserIsInTheInventoryPage()&amp#27;[0m
  &amp#27;[32mWhen &amp#27;[0m&amp#27;[32mthe user adds &amp#27;[0m&amp#27;[32m&amp#27;[1m3&amp#27;[0m&amp#27;[32m products to the cart&amp#27;[0m                                                                                       &amp#27;[90m# com.hiberus.university.mario.maven.first.StepDefs.InventarioPageSteps.theUserAddsProductsToTheCart(int)&amp#27;[0m
  &amp#27;[32mAnd &amp#27;[0m&amp#27;[32mthe user clicks on the cart button&amp#27;[0m                                                                                          &amp#27;[90m# com.hiberus.university.mario.maven.first.StepDefs.CarritoPageSteps.theUserClicksOnTheCartButton()&amp#27;[0m
  &amp#27;[32mAnd &amp#27;[0m&amp#27;[32mthe user clicks on the checkout button&amp#27;[0m                                                                                      &amp#27;[90m# com.hiberus.university.mario.maven.first.StepDefs.CheckOutPageSteps.theUserClicksOnTheCheckoutButton()&amp#27;[0m
  &amp#27;[32mAnd &amp#27;[0m&amp#27;[32mthe user fills out the form with name &amp#27;[0m&amp#27;[32m&amp#27;[1m"a"&amp#27;[0m&amp#27;[32m, lastname &amp#27;[0m&amp#27;[32m&amp#27;[1m"a"&amp#27;[0m&amp#27;[32m, and COD &amp#27;[0m&amp#27;[32m&amp#27;[1m"1"&amp#27;[0m                                                        &amp#27;[90m# com.hiberus.university.mario.maven.first.StepDefs.CheckOutPageSteps.theUserFillsOutTheFormWithNameLastnameAndCOD(java.lang.String,java.lang.String,java.lang.String)&amp#27;[0m
  &amp#27;[32mAnd &amp#27;[0m&amp#27;[32mthe user clicks on the continue button&amp#27;[0m                                                                                      &amp#27;[90m# com.hiberus.university.mario.maven.first.StepDefs.CheckOutPageSteps.theUserClicksOnTheContinueButton()&amp#27;[0m
  &amp#27;[32mThen &amp#27;[0m&amp#27;[32mthe user should verify that the total price of items in the checkout matches the sum of individual prices in the inventory&amp#27;[0m &amp#27;[90m# com.hiberus.university.mario.maven.first.StepDefs.CheckOutPageSteps.theUserShouldVerifyThatTheTotalPriceOfItemsInTheCheckoutMatchesTheSumOfIndividualPricesInTheInventory()&amp#27;[0m
]]></system-out>
    <system-err><![CDATA[[main] INFO com.hiberus.university.mario.maven.first.Support.Hooks - startingVerify prices of products in checkout match those in inventory
Starting ChromeDriver 114.0.5735.90 (386bc09e8f4f2e025eddae123f36f6263096ae49-refs/branch-heads/5735@{#1052}) on port 41864
Only local connections are allowed.
Please see https://chromedriver.chromium.org/security-considerations for suggestions on keeping ChromeDriver safe.
ChromeDriver was started successfully.
may 31, 2023 7:40:22 P. M. org.openqa.selenium.devtools.CdpVersionFinder findNearestMatch
WARNING: Unable to find an exact match for CDP version 114, so returning the closest version found: 110
[main] INFO com.hiberus.university.mario.maven.first.Pages.InventarioPages - ...
[main] INFO com.hiberus.university.mario.maven.first.Support.Hooks - ending Verify prices of products in checkout match those in inventory
[AsyncHttpClient-1-7] WARN org.asynchttpclient.netty.handler.WebSocketHandler - onError
java.net.SocketException: Connection reset
	at java.base/sun.nio.ch.SocketChannelImpl.throwConnectionReset(SocketChannelImpl.java:394)
	at java.base/sun.nio.ch.SocketChannelImpl.read(SocketChannelImpl.java:426)
	at io.netty.buffer.PooledByteBuf.setBytes(PooledByteBuf.java:259)
	at io.netty.buffer.AbstractByteBuf.writeBytes(AbstractByteBuf.java:1132)
	at io.netty.channel.socket.nio.NioSocketChannel.doReadBytes(NioSocketChannel.java:357)
	at io.netty.channel.nio.AbstractNioByteChannel$NioByteUnsafe.read(AbstractNioByteChannel.java:151)
	at io.netty.channel.nio.NioEventLoop.processSelectedKey(NioEventLoop.java:788)
	at io.netty.channel.nio.NioEventLoop.processSelectedKeysOptimized(NioEventLoop.java:724)
	at io.netty.channel.nio.NioEventLoop.processSelectedKeys(NioEventLoop.java:650)
	at io.netty.channel.nio.NioEventLoop.run(NioEventLoop.java:562)
	at io.netty.util.concurrent.SingleThreadEventExecutor$4.run(SingleThreadEventExecutor.java:997)
	at io.netty.util.internal.ThreadExecutorMap$2.run(ThreadExecutorMap.java:74)
	at io.netty.util.concurrent.FastThreadLocalRunnable.run(FastThreadLocalRunnable.java:30)
	at java.base/java.lang.Thread.run(Thread.java:833)
may 31, 2023 7:40:29 P. M. org.openqa.selenium.remote.http.WebSocket$Listener onError
WARNING: Connection reset
java.net.SocketException: Connection reset
	at java.base/sun.nio.ch.SocketChannelImpl.throwConnectionReset(SocketChannelImpl.java:394)
	at java.base/sun.nio.ch.SocketChannelImpl.read(SocketChannelImpl.java:426)
	at io.netty.buffer.PooledByteBuf.setBytes(PooledByteBuf.java:259)
	at io.netty.buffer.AbstractByteBuf.writeBytes(AbstractByteBuf.java:1132)
	at io.netty.channel.socket.nio.NioSocketChannel.doReadBytes(NioSocketChannel.java:357)
	at io.netty.channel.nio.AbstractNioByteChannel$NioByteUnsafe.read(AbstractNioByteChannel.java:151)
	at io.netty.channel.nio.NioEventLoop.processSelectedKey(NioEventLoop.java:788)
	at io.netty.channel.nio.NioEventLoop.processSelectedKeysOptimized(NioEventLoop.java:724)
	at io.netty.channel.nio.NioEventLoop.processSelectedKeys(NioEventLoop.java:650)
	at io.netty.channel.nio.NioEventLoop.run(NioEventLoop.java:562)
	at io.netty.util.concurrent.SingleThreadEventExecutor$4.run(SingleThreadEventExecutor.java:997)
	at io.netty.util.internal.ThreadExecutorMap$2.run(ThreadExecutorMap.java:74)
	at io.netty.util.concurrent.FastThreadLocalRunnable.run(FastThreadLocalRunnable.java:30)
	at java.base/java.lang.Thread.run(Thread.java:833)

]]></system-err>
  </testcase>
  <testcase name="Place an order and receive confirmation message" classname="CheckOut Test Suite" time="11.772">
    <system-out><![CDATA[
@CheckOut @ConfirmationMessage
Scenario Outline: Place an order and receive confirmation message                &amp#27;[90m# src/test/resources/checkout.feature:32&amp#27;[0m
  &amp#27;[32mGiven &amp#27;[0m&amp#27;[32mthe user has logged in successfully&amp#27;[0m                                      &amp#27;[90m# com.hiberus.university.mario.maven.first.StepDefs.CarritoPageSteps.theUserHasLoggedInSuccessfully()&amp#27;[0m
  &amp#27;[32mAnd &amp#27;[0m&amp#27;[32mthe user is in the inventory page&amp#27;[0m                                          &amp#27;[90m# com.hiberus.university.mario.maven.first.StepDefs.CarritoPageSteps.theUserIsInTheInventoryPage()&amp#27;[0m
  &amp#27;[32mWhen &amp#27;[0m&amp#27;[32mthe user adds &amp#27;[0m&amp#27;[32m&amp#27;[1m1&amp#27;[0m&amp#27;[32m product to the cart&amp#27;[0m                                       &amp#27;[90m# com.hiberus.university.mario.maven.first.StepDefs.CheckOutPageSteps.theUserAddsProductToTheCart(int)&amp#27;[0m
  &amp#27;[32mAnd &amp#27;[0m&amp#27;[32mthe user clicks on the cart button&amp#27;[0m                                         &amp#27;[90m# com.hiberus.university.mario.maven.first.StepDefs.CarritoPageSteps.theUserClicksOnTheCartButton()&amp#27;[0m
  &amp#27;[32mAnd &amp#27;[0m&amp#27;[32mthe user clicks on the checkout button&amp#27;[0m                                     &amp#27;[90m# com.hiberus.university.mario.maven.first.StepDefs.CheckOutPageSteps.theUserClicksOnTheCheckoutButton()&amp#27;[0m
  &amp#27;[32mAnd &amp#27;[0m&amp#27;[32mthe user fills out the form with name &amp#27;[0m&amp#27;[32m&amp#27;[1m"a"&amp#27;[0m&amp#27;[32m, lastname &amp#27;[0m&amp#27;[32m&amp#27;[1m"a"&amp#27;[0m&amp#27;[32m, and COD &amp#27;[0m&amp#27;[32m&amp#27;[1m"1"&amp#27;[0m       &amp#27;[90m# com.hiberus.university.mario.maven.first.StepDefs.CheckOutPageSteps.theUserFillsOutTheFormWithNameLastnameAndCOD(java.lang.String,java.lang.String,java.lang.String)&amp#27;[0m
  &amp#27;[32mAnd &amp#27;[0m&amp#27;[32mthe user clicks on the continue button&amp#27;[0m                                     &amp#27;[90m# com.hiberus.university.mario.maven.first.StepDefs.CheckOutPageSteps.theUserClicksOnTheContinueButton()&amp#27;[0m
  &amp#27;[32mAnd &amp#27;[0m&amp#27;[32mthe user clicks on the finish button&amp#27;[0m                                       &amp#27;[90m# com.hiberus.university.mario.maven.first.StepDefs.CheckOutPageSteps.theUserClicksOnTheFinishButton()&amp#27;[0m
  &amp#27;[32mThen &amp#27;[0m&amp#27;[32mthe user should see a confirmation message that the order has been placed&amp#27;[0m &amp#27;[90m# com.hiberus.university.mario.maven.first.StepDefs.CheckOutPageSteps.theUserShouldSeeAConfirmationMessageThatTheOrderHasBeenPlaced()&amp#27;[0m
]]></system-out>
    <system-err><![CDATA[[main] INFO com.hiberus.university.mario.maven.first.Support.Hooks - startingPlace an order and receive confirmation message
Starting ChromeDriver 114.0.5735.90 (386bc09e8f4f2e025eddae123f36f6263096ae49-refs/branch-heads/5735@{#1052}) on port 45142
Only local connections are allowed.
Please see https://chromedriver.chromium.org/security-considerations for suggestions on keeping ChromeDriver safe.
ChromeDriver was started successfully.
may 31, 2023 7:40:35 P. M. org.openqa.selenium.devtools.CdpVersionFinder findNearestMatch
WARNING: Unable to find an exact match for CDP version 114, so returning the closest version found: 110
[main] INFO com.hiberus.university.mario.maven.first.Pages.InventarioPages - ...
[main] INFO com.hiberus.university.mario.maven.first.Support.Hooks - ending Place an order and receive confirmation message
[AsyncHttpClient-1-2] WARN org.asynchttpclient.netty.handler.WebSocketHandler - onError
java.net.SocketException: Connection reset
	at java.base/sun.nio.ch.SocketChannelImpl.throwConnectionReset(SocketChannelImpl.java:394)
	at java.base/sun.nio.ch.SocketChannelImpl.read(SocketChannelImpl.java:426)
	at io.netty.buffer.PooledByteBuf.setBytes(PooledByteBuf.java:259)
	at io.netty.buffer.AbstractByteBuf.writeBytes(AbstractByteBuf.java:1132)
	at io.netty.channel.socket.nio.NioSocketChannel.doReadBytes(NioSocketChannel.java:357)
	at io.netty.channel.nio.AbstractNioByteChannel$NioByteUnsafe.read(AbstractNioByteChannel.java:151)
	at io.netty.channel.nio.NioEventLoop.processSelectedKey(NioEventLoop.java:788)
	at io.netty.channel.nio.NioEventLoop.processSelectedKeysOptimized(NioEventLoop.java:724)
	at io.netty.channel.nio.NioEventLoop.processSelectedKeys(NioEventLoop.java:650)
	at io.netty.channel.nio.NioEventLoop.run(NioEventLoop.java:562)
	at io.netty.util.concurrent.SingleThreadEventExecutor$4.run(SingleThreadEventExecutor.java:997)
	at io.netty.util.internal.ThreadExecutorMap$2.run(ThreadExecutorMap.java:74)
	at io.netty.util.concurrent.FastThreadLocalRunnable.run(FastThreadLocalRunnable.java:30)
	at java.base/java.lang.Thread.run(Thread.java:833)
may 31, 2023 7:40:41 P. M. org.openqa.selenium.remote.http.WebSocket$Listener onError
WARNING: Connection reset
java.net.SocketException: Connection reset
	at java.base/sun.nio.ch.SocketChannelImpl.throwConnectionReset(SocketChannelImpl.java:394)
	at java.base/sun.nio.ch.SocketChannelImpl.read(SocketChannelImpl.java:426)
	at io.netty.buffer.PooledByteBuf.setBytes(PooledByteBuf.java:259)
	at io.netty.buffer.AbstractByteBuf.writeBytes(AbstractByteBuf.java:1132)
	at io.netty.channel.socket.nio.NioSocketChannel.doReadBytes(NioSocketChannel.java:357)
	at io.netty.channel.nio.AbstractNioByteChannel$NioByteUnsafe.read(AbstractNioByteChannel.java:151)
	at io.netty.channel.nio.NioEventLoop.processSelectedKey(NioEventLoop.java:788)
	at io.netty.channel.nio.NioEventLoop.processSelectedKeysOptimized(NioEventLoop.java:724)
	at io.netty.channel.nio.NioEventLoop.processSelectedKeys(NioEventLoop.java:650)
	at io.netty.channel.nio.NioEventLoop.run(NioEventLoop.java:562)
	at io.netty.util.concurrent.SingleThreadEventExecutor$4.run(SingleThreadEventExecutor.java:997)
	at io.netty.util.internal.ThreadExecutorMap$2.run(ThreadExecutorMap.java:74)
	at io.netty.util.concurrent.FastThreadLocalRunnable.run(FastThreadLocalRunnable.java:30)
	at java.base/java.lang.Thread.run(Thread.java:833)

]]></system-err>
  </testcase>
  <testcase name="Verify that the inventory has 6 items" classname="Inventory Test Suite" time="9.208">
    <system-out><![CDATA[
@Inventario @Validation6Items
Scenario: Verify that the inventory has 6 items                         &amp#27;[90m# src/test/resources/inventory.feature:8&amp#27;[0m
  &amp#27;[32mGiven &amp#27;[0m&amp#27;[32mthe user is logged in successfully and is on the inventory page&amp#27;[0m &amp#27;[90m# com.hiberus.university.mario.maven.first.StepDefs.InventarioPageSteps.theUserIsLoggedInSuccessfullyAndIsOnTheInventoryPage()&amp#27;[0m
  &amp#27;[32mWhen &amp#27;[0m&amp#27;[32mthe user counts the number of items&amp#27;[0m                              &amp#27;[90m# com.hiberus.university.mario.maven.first.StepDefs.InventarioPageSteps.theUserCountsTheNumberOfItems()&amp#27;[0m
  &amp#27;[32mThen &amp#27;[0m&amp#27;[32mthe user should see &amp#27;[0m&amp#27;[32m&amp#27;[1m6&amp#27;[0m&amp#27;[32m items in the inventory&amp#27;[0m                     &amp#27;[90m# com.hiberus.university.mario.maven.first.StepDefs.InventarioPageSteps.theUserShouldSeeItemsInTheInventory(int)&amp#27;[0m
]]></system-out>
    <system-err><![CDATA[[main] INFO com.hiberus.university.mario.maven.first.Support.Hooks - startingVerify that the inventory has 6 items
Starting ChromeDriver 114.0.5735.90 (386bc09e8f4f2e025eddae123f36f6263096ae49-refs/branch-heads/5735@{#1052}) on port 40994
Only local connections are allowed.
Please see https://chromedriver.chromium.org/security-considerations for suggestions on keeping ChromeDriver safe.
ChromeDriver was started successfully.
may 31, 2023 7:40:46 P. M. org.openqa.selenium.devtools.CdpVersionFinder findNearestMatch
WARNING: Unable to find an exact match for CDP version 114, so returning the closest version found: 110
[main] INFO com.hiberus.university.mario.maven.first.Support.Hooks - ending Verify that the inventory has 6 items
]]></system-err>
  </testcase>
  <testcase name="Verify that the product &quot;Sauce Labs Bolt T-Shirt&quot; exists" classname="Inventory Test Suite" time="8.709">
    <system-out><![CDATA[
@Inventario @ValidationSauceLabsBoltT-Shirt
Scenario Outline: Verify that the product "Sauce Labs Bolt T-Shirt" exists   &amp#27;[90m# src/test/resources/inventory.feature:19&amp#27;[0m
  &amp#27;[32mGiven &amp#27;[0m&amp#27;[32mthe user is logged in successfully and is on the inventory page&amp#27;[0m      &amp#27;[90m# com.hiberus.university.mario.maven.first.StepDefs.InventarioPageSteps.theUserIsLoggedInSuccessfullyAndIsOnTheInventoryPage()&amp#27;[0m
  &amp#27;[32mWhen &amp#27;[0m&amp#27;[32mthe user navigates to the inventory page&amp#27;[0m                              &amp#27;[90m# com.hiberus.university.mario.maven.first.StepDefs.InventarioPageSteps.theUserNavigatesToTheInventoryPage()&amp#27;[0m
  &amp#27;[32mThen &amp#27;[0m&amp#27;[32mthe user should be able to find the product &amp#27;[0m&amp#27;[32m&amp#27;[1m"Sauce Labs Bolt T-Shirt"&amp#27;[0m &amp#27;[90m# com.hiberus.university.mario.maven.first.StepDefs.InventarioPageSteps.theUserShouldBeAbleToFindTheProduct(java.lang.String)&amp#27;[0m
]]></system-out>
    <system-err><![CDATA[[main] INFO com.hiberus.university.mario.maven.first.Support.Hooks - startingVerify that the product "Sauce Labs Bolt T-Shirt" exists
Starting ChromeDriver 114.0.5735.90 (386bc09e8f4f2e025eddae123f36f6263096ae49-refs/branch-heads/5735@{#1052}) on port 23502
Only local connections are allowed.
Please see https://chromedriver.chromium.org/security-considerations for suggestions on keeping ChromeDriver safe.
ChromeDriver was started successfully.
may 31, 2023 7:40:55 P. M. org.openqa.selenium.devtools.CdpVersionFinder findNearestMatch
WARNING: Unable to find an exact match for CDP version 114, so returning the closest version found: 110
[main] INFO com.hiberus.university.mario.maven.first.Support.Hooks - ending Verify that the product "Sauce Labs Bolt T-Shirt" exists
[1685554858.954][SEVERE]: Unable to receive message from renderer
]]></system-err>
  </testcase>
  <testcase name="Verify that the product &quot;Sauce Labs Bolt T-Shirt&quot; is not in the cart" classname="Inventory Test Suite" time="8.315">
    <system-out><![CDATA[
@Inventario @EliminateProductToTheInventory
Scenario Outline: Verify that the product "Sauce Labs Bolt T-Shirt" is not in the cart &amp#27;[90m# src/test/resources/inventory.feature:29&amp#27;[0m
  &amp#27;[32mGiven &amp#27;[0m&amp#27;[32mthe user is logged in successfully and is on the inventory page&amp#27;[0m                &amp#27;[90m# com.hiberus.university.mario.maven.first.StepDefs.InventarioPageSteps.theUserIsLoggedInSuccessfullyAndIsOnTheInventoryPage()&amp#27;[0m
  &amp#27;[32mWhen &amp#27;[0m&amp#27;[32mthe user adds &amp#27;[0m&amp#27;[32m&amp#27;[1m"Sauce Labs Bolt T-Shirt"&amp#27;[0m&amp#27;[32m to the cart&amp#27;[0m                             &amp#27;[90m# com.hiberus.university.mario.maven.first.StepDefs.InventarioPageSteps.theUserAddsToTheCart(java.lang.String)&amp#27;[0m
  &amp#27;[32mAnd &amp#27;[0m&amp#27;[32mthe user removes &amp#27;[0m&amp#27;[32m&amp#27;[1m"Sauce Labs Bolt T-Shirt"&amp#27;[0m&amp#27;[32m from the inventory&amp#27;[0m                    &amp#27;[90m# com.hiberus.university.mario.maven.first.StepDefs.InventarioPageSteps.theUserRemovesFromTheInventory(java.lang.String)&amp#27;[0m
  &amp#27;[32mThen &amp#27;[0m&amp#27;[32mthe user should not be able to see the &amp#27;[0m&amp#27;[32m&amp#27;[1m"Sauce Labs Bolt T-Shirt"&amp#27;[0m&amp#27;[32m in the cart&amp#27;[0m    &amp#27;[90m# com.hiberus.university.mario.maven.first.StepDefs.InventarioPageSteps.theUserShouldNotBeAbleToSeeTheInTheCart(java.lang.String)&amp#27;[0m
]]></system-out>
    <system-err><![CDATA[[main] INFO com.hiberus.university.mario.maven.first.Support.Hooks - startingVerify that the product "Sauce Labs Bolt T-Shirt" is not in the cart
Starting ChromeDriver 114.0.5735.90 (386bc09e8f4f2e025eddae123f36f6263096ae49-refs/branch-heads/5735@{#1052}) on port 3795
Only local connections are allowed.
Please see https://chromedriver.chromium.org/security-considerations for suggestions on keeping ChromeDriver safe.
ChromeDriver was started successfully.
may 31, 2023 7:41:04 P. M. org.openqa.selenium.devtools.CdpVersionFinder findNearestMatch
WARNING: Unable to find an exact match for CDP version 114, so returning the closest version found: 110
[main] INFO com.hiberus.university.mario.maven.first.Support.Hooks - ending Verify that the product "Sauce Labs Bolt T-Shirt" is not in the cart
[1685554867.141][SEVERE]: Unable to receive message from renderer
]]></system-err>
  </testcase>
  <testcase name="Verify that the number of cart items is 3" classname="Inventory Test Suite" time="9.21">
    <system-out><![CDATA[
@Inventario @add3Products
Scenario: Verify that the number of cart items is 3                     &amp#27;[90m# src/test/resources/inventory.feature:32&amp#27;[0m
  &amp#27;[32mGiven &amp#27;[0m&amp#27;[32mthe user is logged in successfully and is on the inventory page&amp#27;[0m &amp#27;[90m# com.hiberus.university.mario.maven.first.StepDefs.InventarioPageSteps.theUserIsLoggedInSuccessfullyAndIsOnTheInventoryPage()&amp#27;[0m
  &amp#27;[32mWhen &amp#27;[0m&amp#27;[32mthe user adds &amp#27;[0m&amp#27;[32m&amp#27;[1m3&amp#27;[0m&amp#27;[32m products to the cart&amp#27;[0m                             &amp#27;[90m# com.hiberus.university.mario.maven.first.StepDefs.InventarioPageSteps.theUserAddsProductsToTheCart(int)&amp#27;[0m
  &amp#27;[32mThen &amp#27;[0m&amp#27;[32mthe user should see that the number of cart items is &amp#27;[0m&amp#27;[32m&amp#27;[1m3&amp#27;[0m           &amp#27;[90m# com.hiberus.university.mario.maven.first.StepDefs.InventarioPageSteps.theUserShouldSeeThatTheNumberOfCartItemsIs(int)&amp#27;[0m
]]></system-out>
    <system-err><![CDATA[[main] INFO com.hiberus.university.mario.maven.first.Support.Hooks - startingVerify that the number of cart items is 3
Starting ChromeDriver 114.0.5735.90 (386bc09e8f4f2e025eddae123f36f6263096ae49-refs/branch-heads/5735@{#1052}) on port 23703
Only local connections are allowed.
Please see https://chromedriver.chromium.org/security-considerations for suggestions on keeping ChromeDriver safe.
ChromeDriver was started successfully.
may 31, 2023 7:41:13 P. M. org.openqa.selenium.devtools.CdpVersionFinder findNearestMatch
WARNING: Unable to find an exact match for CDP version 114, so returning the closest version found: 110
[main] INFO com.hiberus.university.mario.maven.first.Pages.InventarioPages - ...
[main] INFO com.hiberus.university.mario.maven.first.Support.Hooks - ending Verify that the number of cart items is 3
[1685554876.818][SEVERE]: Unable to receive message from renderer
]]></system-err>
  </testcase>
  <testcase name="Verify that the list of items is sorted by &quot;az&quot;" classname="Inventory Test Suite" time="9.042">
    <system-out><![CDATA[
@Inventario @SortInventory
Scenario Outline: Verify that the list of items is sorted by "az"                 &amp#27;[90m# src/test/resources/inventory.feature:43&amp#27;[0m
  &amp#27;[32mGiven &amp#27;[0m&amp#27;[32mthe user is logged in successfully and is on the inventory page&amp#27;[0m           &amp#27;[90m# com.hiberus.university.mario.maven.first.StepDefs.InventarioPageSteps.theUserIsLoggedInSuccessfullyAndIsOnTheInventoryPage()&amp#27;[0m
  &amp#27;[32mWhen &amp#27;[0m&amp#27;[32mthe user selects the option to sort the list of products by &amp#27;[0m&amp#27;[32m&amp#27;[1m"az"&amp#27;[0m           &amp#27;[90m# com.hiberus.university.mario.maven.first.StepDefs.InventarioPageSteps.theUserSelectsTheOptionToSortTheListOfProductsBy(java.lang.String)&amp#27;[0m
  &amp#27;[32mThen &amp#27;[0m&amp#27;[32mthe user should be able to see that the list of products is sorted by &amp#27;[0m&amp#27;[32m&amp#27;[1m"az"&amp#27;[0m &amp#27;[90m# com.hiberus.university.mario.maven.first.StepDefs.InventarioPageSteps.theUserShouldBeAbleToSeeThatTheListOfProductsIsSortedBy(java.lang.String)&amp#27;[0m
]]></system-out>
    <system-err><![CDATA[[main] INFO com.hiberus.university.mario.maven.first.Support.Hooks - startingVerify that the list of items is sorted by "az"
Starting ChromeDriver 114.0.5735.90 (386bc09e8f4f2e025eddae123f36f6263096ae49-refs/branch-heads/5735@{#1052}) on port 5209
Only local connections are allowed.
Please see https://chromedriver.chromium.org/security-considerations for suggestions on keeping ChromeDriver safe.
ChromeDriver was started successfully.
may 31, 2023 7:41:22 P. M. org.openqa.selenium.devtools.CdpVersionFinder findNearestMatch
WARNING: Unable to find an exact match for CDP version 114, so returning the closest version found: 110
[main] INFO com.hiberus.university.mario.maven.first.Support.Hooks - ending Verify that the list of items is sorted by "az"
[AsyncHttpClient-1-9] WARN org.asynchttpclient.netty.handler.WebSocketHandler - onError
java.net.SocketException: Connection reset
	at java.base/sun.nio.ch.SocketChannelImpl.throwConnectionReset(SocketChannelImpl.java:394)
	at java.base/sun.nio.ch.SocketChannelImpl.read(SocketChannelImpl.java:426)
	at io.netty.buffer.PooledByteBuf.setBytes(PooledByteBuf.java:259)
	at io.netty.buffer.AbstractByteBuf.writeBytes(AbstractByteBuf.java:1132)
	at io.netty.channel.socket.nio.NioSocketChannel.doReadBytes(NioSocketChannel.java:357)
	at io.netty.channel.nio.AbstractNioByteChannel$NioByteUnsafe.read(AbstractNioByteChannel.java:151)
	at io.netty.channel.nio.NioEventLoop.processSelectedKey(NioEventLoop.java:788)
	at io.netty.channel.nio.NioEventLoop.processSelectedKeysOptimized(NioEventLoop.java:724)
	at io.netty.channel.nio.NioEventLoop.processSelectedKeys(NioEventLoop.java:650)
	at io.netty.channel.nio.NioEventLoop.run(NioEventLoop.java:562)
	at io.netty.util.concurrent.SingleThreadEventExecutor$4.run(SingleThreadEventExecutor.java:997)
	at io.netty.util.internal.ThreadExecutorMap$2.run(ThreadExecutorMap.java:74)
	at io.netty.util.concurrent.FastThreadLocalRunnable.run(FastThreadLocalRunnable.java:30)
	at java.base/java.lang.Thread.run(Thread.java:833)
may 31, 2023 7:41:26 P. M. org.openqa.selenium.remote.http.WebSocket$Listener onError
WARNING: Connection reset
java.net.SocketException: Connection reset
	at java.base/sun.nio.ch.SocketChannelImpl.throwConnectionReset(SocketChannelImpl.java:394)
	at java.base/sun.nio.ch.SocketChannelImpl.read(SocketChannelImpl.java:426)
	at io.netty.buffer.PooledByteBuf.setBytes(PooledByteBuf.java:259)
	at io.netty.buffer.AbstractByteBuf.writeBytes(AbstractByteBuf.java:1132)
	at io.netty.channel.socket.nio.NioSocketChannel.doReadBytes(NioSocketChannel.java:357)
	at io.netty.channel.nio.AbstractNioByteChannel$NioByteUnsafe.read(AbstractNioByteChannel.java:151)
	at io.netty.channel.nio.NioEventLoop.processSelectedKey(NioEventLoop.java:788)
	at io.netty.channel.nio.NioEventLoop.processSelectedKeysOptimized(NioEventLoop.java:724)
	at io.netty.channel.nio.NioEventLoop.processSelectedKeys(NioEventLoop.java:650)
	at io.netty.channel.nio.NioEventLoop.run(NioEventLoop.java:562)
	at io.netty.util.concurrent.SingleThreadEventExecutor$4.run(SingleThreadEventExecutor.java:997)
	at io.netty.util.internal.ThreadExecutorMap$2.run(ThreadExecutorMap.java:74)
	at io.netty.util.concurrent.FastThreadLocalRunnable.run(FastThreadLocalRunnable.java:30)
	at java.base/java.lang.Thread.run(Thread.java:833)

]]></system-err>
  </testcase>
  <testcase name="Verify that the list of items is sorted by &quot;lohi&quot;" classname="Inventory Test Suite" time="8.608">
    <system-out><![CDATA[
@Inventario @SortInventory
Scenario Outline: Verify that the list of items is sorted by "lohi"                 &amp#27;[90m# src/test/resources/inventory.feature:44&amp#27;[0m
  &amp#27;[32mGiven &amp#27;[0m&amp#27;[32mthe user is logged in successfully and is on the inventory page&amp#27;[0m             &amp#27;[90m# com.hiberus.university.mario.maven.first.StepDefs.InventarioPageSteps.theUserIsLoggedInSuccessfullyAndIsOnTheInventoryPage()&amp#27;[0m
  &amp#27;[32mWhen &amp#27;[0m&amp#27;[32mthe user selects the option to sort the list of products by &amp#27;[0m&amp#27;[32m&amp#27;[1m"lohi"&amp#27;[0m           &amp#27;[90m# com.hiberus.university.mario.maven.first.StepDefs.InventarioPageSteps.theUserSelectsTheOptionToSortTheListOfProductsBy(java.lang.String)&amp#27;[0m
  &amp#27;[32mThen &amp#27;[0m&amp#27;[32mthe user should be able to see that the list of products is sorted by &amp#27;[0m&amp#27;[32m&amp#27;[1m"lohi"&amp#27;[0m &amp#27;[90m# com.hiberus.university.mario.maven.first.StepDefs.InventarioPageSteps.theUserShouldBeAbleToSeeThatTheListOfProductsIsSortedBy(java.lang.String)&amp#27;[0m
]]></system-out>
    <system-err><![CDATA[[main] INFO com.hiberus.university.mario.maven.first.Support.Hooks - startingVerify that the list of items is sorted by "lohi"
Starting ChromeDriver 114.0.5735.90 (386bc09e8f4f2e025eddae123f36f6263096ae49-refs/branch-heads/5735@{#1052}) on port 10581
Only local connections are allowed.
Please see https://chromedriver.chromium.org/security-considerations for suggestions on keeping ChromeDriver safe.
ChromeDriver was started successfully.
may 31, 2023 7:41:30 P. M. org.openqa.selenium.devtools.CdpVersionFinder findNearestMatch
WARNING: Unable to find an exact match for CDP version 114, so returning the closest version found: 110
[main] INFO com.hiberus.university.mario.maven.first.Support.Hooks - ending Verify that the list of items is sorted by "lohi"
[AsyncHttpClient-1-4] WARN org.asynchttpclient.netty.handler.WebSocketHandler - onError
java.net.SocketException: Connection reset
	at java.base/sun.nio.ch.SocketChannelImpl.throwConnectionReset(SocketChannelImpl.java:394)
	at java.base/sun.nio.ch.SocketChannelImpl.read(SocketChannelImpl.java:426)
	at io.netty.buffer.PooledByteBuf.setBytes(PooledByteBuf.java:259)
	at io.netty.buffer.AbstractByteBuf.writeBytes(AbstractByteBuf.java:1132)
	at io.netty.channel.socket.nio.NioSocketChannel.doReadBytes(NioSocketChannel.java:357)
	at io.netty.channel.nio.AbstractNioByteChannel$NioByteUnsafe.read(AbstractNioByteChannel.java:151)
	at io.netty.channel.nio.NioEventLoop.processSelectedKey(NioEventLoop.java:788)
	at io.netty.channel.nio.NioEventLoop.processSelectedKeysOptimized(NioEventLoop.java:724)
	at io.netty.channel.nio.NioEventLoop.processSelectedKeys(NioEventLoop.java:650)
	at io.netty.channel.nio.NioEventLoop.run(NioEventLoop.java:562)
	at io.netty.util.concurrent.SingleThreadEventExecutor$4.run(SingleThreadEventExecutor.java:997)
	at io.netty.util.internal.ThreadExecutorMap$2.run(ThreadExecutorMap.java:74)
	at io.netty.util.concurrent.FastThreadLocalRunnable.run(FastThreadLocalRunnable.java:30)
	at java.base/java.lang.Thread.run(Thread.java:833)
may 31, 2023 7:41:34 P. M. org.openqa.selenium.remote.http.WebSocket$Listener onError
WARNING: Connection reset
java.net.SocketException: Connection reset
	at java.base/sun.nio.ch.SocketChannelImpl.throwConnectionReset(SocketChannelImpl.java:394)
	at java.base/sun.nio.ch.SocketChannelImpl.read(SocketChannelImpl.java:426)
	at io.netty.buffer.PooledByteBuf.setBytes(PooledByteBuf.java:259)
	at io.netty.buffer.AbstractByteBuf.writeBytes(AbstractByteBuf.java:1132)
	at io.netty.channel.socket.nio.NioSocketChannel.doReadBytes(NioSocketChannel.java:357)
	at io.netty.channel.nio.AbstractNioByteChannel$NioByteUnsafe.read(AbstractNioByteChannel.java:151)
	at io.netty.channel.nio.NioEventLoop.processSelectedKey(NioEventLoop.java:788)
	at io.netty.channel.nio.NioEventLoop.processSelectedKeysOptimized(NioEventLoop.java:724)
	at io.netty.channel.nio.NioEventLoop.processSelectedKeys(NioEventLoop.java:650)
	at io.netty.channel.nio.NioEventLoop.run(NioEventLoop.java:562)
	at io.netty.util.concurrent.SingleThreadEventExecutor$4.run(SingleThreadEventExecutor.java:997)
	at io.netty.util.internal.ThreadExecutorMap$2.run(ThreadExecutorMap.java:74)
	at io.netty.util.concurrent.FastThreadLocalRunnable.run(FastThreadLocalRunnable.java:30)
	at java.base/java.lang.Thread.run(Thread.java:833)

]]></system-err>
  </testcase>
  <testcase name="Verify that the list of items is sorted by &quot;hilo&quot;" classname="Inventory Test Suite" time="8.802">
    <system-out><![CDATA[
@Inventario @SortInventory
Scenario Outline: Verify that the list of items is sorted by "hilo"                 &amp#27;[90m# src/test/resources/inventory.feature:45&amp#27;[0m
  &amp#27;[32mGiven &amp#27;[0m&amp#27;[32mthe user is logged in successfully and is on the inventory page&amp#27;[0m             &amp#27;[90m# com.hiberus.university.mario.maven.first.StepDefs.InventarioPageSteps.theUserIsLoggedInSuccessfullyAndIsOnTheInventoryPage()&amp#27;[0m
  &amp#27;[32mWhen &amp#27;[0m&amp#27;[32mthe user selects the option to sort the list of products by &amp#27;[0m&amp#27;[32m&amp#27;[1m"hilo"&amp#27;[0m           &amp#27;[90m# com.hiberus.university.mario.maven.first.StepDefs.InventarioPageSteps.theUserSelectsTheOptionToSortTheListOfProductsBy(java.lang.String)&amp#27;[0m
  &amp#27;[32mThen &amp#27;[0m&amp#27;[32mthe user should be able to see that the list of products is sorted by &amp#27;[0m&amp#27;[32m&amp#27;[1m"hilo"&amp#27;[0m &amp#27;[90m# com.hiberus.university.mario.maven.first.StepDefs.InventarioPageSteps.theUserShouldBeAbleToSeeThatTheListOfProductsIsSortedBy(java.lang.String)&amp#27;[0m
]]></system-out>
    <system-err><![CDATA[[main] INFO com.hiberus.university.mario.maven.first.Support.Hooks - startingVerify that the list of items is sorted by "hilo"
Starting ChromeDriver 114.0.5735.90 (386bc09e8f4f2e025eddae123f36f6263096ae49-refs/branch-heads/5735@{#1052}) on port 16306
Only local connections are allowed.
Please see https://chromedriver.chromium.org/security-considerations for suggestions on keeping ChromeDriver safe.
ChromeDriver was started successfully.
may 31, 2023 7:41:39 P. M. org.openqa.selenium.devtools.CdpVersionFinder findNearestMatch
WARNING: Unable to find an exact match for CDP version 114, so returning the closest version found: 110
[main] INFO com.hiberus.university.mario.maven.first.Support.Hooks - ending Verify that the list of items is sorted by "hilo"
[AsyncHttpClient-1-7] WARN org.asynchttpclient.netty.handler.WebSocketHandler - onError
java.net.SocketException: Connection reset
	at java.base/sun.nio.ch.SocketChannelImpl.throwConnectionReset(SocketChannelImpl.java:394)
	at java.base/sun.nio.ch.SocketChannelImpl.read(SocketChannelImpl.java:426)
	at io.netty.buffer.PooledByteBuf.setBytes(PooledByteBuf.java:259)
	at io.netty.buffer.AbstractByteBuf.writeBytes(AbstractByteBuf.java:1132)
	at io.netty.channel.socket.nio.NioSocketChannel.doReadBytes(NioSocketChannel.java:357)
	at io.netty.channel.nio.AbstractNioByteChannel$NioByteUnsafe.read(AbstractNioByteChannel.java:151)
	at io.netty.channel.nio.NioEventLoop.processSelectedKey(NioEventLoop.java:788)
	at io.netty.channel.nio.NioEventLoop.processSelectedKeysOptimized(NioEventLoop.java:724)
	at io.netty.channel.nio.NioEventLoop.processSelectedKeys(NioEventLoop.java:650)
	at io.netty.channel.nio.NioEventLoop.run(NioEventLoop.java:562)
	at io.netty.util.concurrent.SingleThreadEventExecutor$4.run(SingleThreadEventExecutor.java:997)
	at io.netty.util.internal.ThreadExecutorMap$2.run(ThreadExecutorMap.java:74)
	at io.netty.util.concurrent.FastThreadLocalRunnable.run(FastThreadLocalRunnable.java:30)
	at java.base/java.lang.Thread.run(Thread.java:833)
may 31, 2023 7:41:43 P. M. org.openqa.selenium.remote.http.WebSocket$Listener onError
WARNING: Connection reset
java.net.SocketException: Connection reset
	at java.base/sun.nio.ch.SocketChannelImpl.throwConnectionReset(SocketChannelImpl.java:394)
	at java.base/sun.nio.ch.SocketChannelImpl.read(SocketChannelImpl.java:426)
	at io.netty.buffer.PooledByteBuf.setBytes(PooledByteBuf.java:259)
	at io.netty.buffer.AbstractByteBuf.writeBytes(AbstractByteBuf.java:1132)
	at io.netty.channel.socket.nio.NioSocketChannel.doReadBytes(NioSocketChannel.java:357)
	at io.netty.channel.nio.AbstractNioByteChannel$NioByteUnsafe.read(AbstractNioByteChannel.java:151)
	at io.netty.channel.nio.NioEventLoop.processSelectedKey(NioEventLoop.java:788)
	at io.netty.channel.nio.NioEventLoop.processSelectedKeysOptimized(NioEventLoop.java:724)
	at io.netty.channel.nio.NioEventLoop.processSelectedKeys(NioEventLoop.java:650)
	at io.netty.channel.nio.NioEventLoop.run(NioEventLoop.java:562)
	at io.netty.util.concurrent.SingleThreadEventExecutor$4.run(SingleThreadEventExecutor.java:997)
	at io.netty.util.internal.ThreadExecutorMap$2.run(ThreadExecutorMap.java:74)
	at io.netty.util.concurrent.FastThreadLocalRunnable.run(FastThreadLocalRunnable.java:30)
	at java.base/java.lang.Thread.run(Thread.java:833)

]]></system-err>
  </testcase>
  <testcase name="Verify valid user can login" classname="Login Test Suite" time="9.056">
    <system-out><![CDATA[
@Login @LoginOK
Scenario Outline: Verify valid user can login                                   &amp#27;[90m# src/test/resources/login.feature:15&amp#27;[0m
  &amp#27;[32mGiven &amp#27;[0m&amp#27;[32mthe user is on home page&amp#27;[0m                                                &amp#27;[90m# com.hiberus.university.mario.maven.first.StepDefs.LoginPageSteps.theUserIsOnHomePage()&amp#27;[0m
  &amp#27;[32mAnd &amp#27;[0m&amp#27;[32mthe user provide the username &amp#27;[0m&amp#27;[32m&amp#27;[1m"standard_user"&amp#27;[0m&amp#27;[32m and password &amp#27;[0m&amp#27;[32m&amp#27;[1m"secret_sauce"&amp#27;[0m &amp#27;[90m# com.hiberus.university.mario.maven.first.StepDefs.LoginPageSteps.theUserProvideTheUsernameAndPassword(java.lang.String,java.lang.String)&amp#27;[0m
  &amp#27;[32mWhen &amp#27;[0m&amp#27;[32mthe user click the login button&amp#27;[0m                                          &amp#27;[90m# com.hiberus.university.mario.maven.first.StepDefs.LoginPageSteps.theUserClickTheLoginButton()&amp#27;[0m
  &amp#27;[32mThen &amp#27;[0m&amp#27;[32mthe user is logged successfully and is into the inventory page&amp#27;[0m           &amp#27;[90m# com.hiberus.university.mario.maven.first.StepDefs.LoginPageSteps.theUserIsLoggedSuccessfullyAndIsIntoTheInventoryPage()&amp#27;[0m
]]></system-out>
    <system-err><![CDATA[[main] INFO com.hiberus.university.mario.maven.first.Support.Hooks - startingVerify valid user can login
Starting ChromeDriver 114.0.5735.90 (386bc09e8f4f2e025eddae123f36f6263096ae49-refs/branch-heads/5735@{#1052}) on port 9881
Only local connections are allowed.
Please see https://chromedriver.chromium.org/security-considerations for suggestions on keeping ChromeDriver safe.
ChromeDriver was started successfully.
may 31, 2023 7:41:48 P. M. org.openqa.selenium.devtools.CdpVersionFinder findNearestMatch
WARNING: Unable to find an exact match for CDP version 114, so returning the closest version found: 110
[main] INFO com.hiberus.university.mario.maven.first.StepDefs.LoginPageSteps - the user is on home page
[main] INFO com.hiberus.university.mario.maven.first.Pages.LoginPage - Rellenando usuario...
[main] INFO com.hiberus.university.mario.maven.first.Pages.LoginPage - Introduciendo contraseña...
[main] INFO com.hiberus.university.mario.maven.first.Pages.LoginPage - Logging in...
[main] INFO com.hiberus.university.mario.maven.first.Support.Hooks - ending Verify valid user can login
[AsyncHttpClient-1-2] WARN org.asynchttpclient.netty.handler.WebSocketHandler - onError
java.net.SocketException: Connection reset
	at java.base/sun.nio.ch.SocketChannelImpl.throwConnectionReset(SocketChannelImpl.java:394)
	at java.base/sun.nio.ch.SocketChannelImpl.read(SocketChannelImpl.java:426)
	at io.netty.buffer.PooledByteBuf.setBytes(PooledByteBuf.java:259)
	at io.netty.buffer.AbstractByteBuf.writeBytes(AbstractByteBuf.java:1132)
	at io.netty.channel.socket.nio.NioSocketChannel.doReadBytes(NioSocketChannel.java:357)
	at io.netty.channel.nio.AbstractNioByteChannel$NioByteUnsafe.read(AbstractNioByteChannel.java:151)
	at io.netty.channel.nio.NioEventLoop.processSelectedKey(NioEventLoop.java:788)
	at io.netty.channel.nio.NioEventLoop.processSelectedKeysOptimized(NioEventLoop.java:724)
	at io.netty.channel.nio.NioEventLoop.processSelectedKeys(NioEventLoop.java:650)
	at io.netty.channel.nio.NioEventLoop.run(NioEventLoop.java:562)
	at io.netty.util.concurrent.SingleThreadEventExecutor$4.run(SingleThreadEventExecutor.java:997)
	at io.netty.util.internal.ThreadExecutorMap$2.run(ThreadExecutorMap.java:74)
	at io.netty.util.concurrent.FastThreadLocalRunnable.run(FastThreadLocalRunnable.java:30)
	at java.base/java.lang.Thread.run(Thread.java:833)
may 31, 2023 7:41:52 P. M. org.openqa.selenium.remote.http.WebSocket$Listener onError
WARNING: Connection reset
java.net.SocketException: Connection reset
	at java.base/sun.nio.ch.SocketChannelImpl.throwConnectionReset(SocketChannelImpl.java:394)
	at java.base/sun.nio.ch.SocketChannelImpl.read(SocketChannelImpl.java:426)
	at io.netty.buffer.PooledByteBuf.setBytes(PooledByteBuf.java:259)
	at io.netty.buffer.AbstractByteBuf.writeBytes(AbstractByteBuf.java:1132)
	at io.netty.channel.socket.nio.NioSocketChannel.doReadBytes(NioSocketChannel.java:357)
	at io.netty.channel.nio.AbstractNioByteChannel$NioByteUnsafe.read(AbstractNioByteChannel.java:151)
	at io.netty.channel.nio.NioEventLoop.processSelectedKey(NioEventLoop.java:788)
	at io.netty.channel.nio.NioEventLoop.processSelectedKeysOptimized(NioEventLoop.java:724)
	at io.netty.channel.nio.NioEventLoop.processSelectedKeys(NioEventLoop.java:650)
	at io.netty.channel.nio.NioEventLoop.run(NioEventLoop.java:562)
	at io.netty.util.concurrent.SingleThreadEventExecutor$4.run(SingleThreadEventExecutor.java:997)
	at io.netty.util.internal.ThreadExecutorMap$2.run(ThreadExecutorMap.java:74)
	at io.netty.util.concurrent.FastThreadLocalRunnable.run(FastThreadLocalRunnable.java:30)
	at java.base/java.lang.Thread.run(Thread.java:833)

]]></system-err>
  </testcase>
  <testcase name="Verify invalid user cannot login" classname="Login Test Suite" time="9.89">
    <system-out><![CDATA[
@Login @InvalidLogin
Scenario Outline: Verify invalid user cannot login                              &amp#27;[90m# src/test/resources/login.feature:25&amp#27;[0m
  &amp#27;[32mGiven &amp#27;[0m&amp#27;[32mthe user is on home page&amp#27;[0m                                                &amp#27;[90m# com.hiberus.university.mario.maven.first.StepDefs.LoginPageSteps.theUserIsOnHomePage()&amp#27;[0m
  &amp#27;[32mAnd &amp#27;[0m&amp#27;[32mthe user provide the username &amp#27;[0m&amp#27;[32m&amp#27;[1m"standard_user"&amp#27;[0m&amp#27;[32m and password &amp#27;[0m&amp#27;[32m&amp#27;[1m"secret-sauce"&amp#27;[0m &amp#27;[90m# com.hiberus.university.mario.maven.first.StepDefs.LoginPageSteps.theUserProvideTheUsernameAndPassword(java.lang.String,java.lang.String)&amp#27;[0m
  &amp#27;[32mWhen &amp#27;[0m&amp#27;[32mthe user click the login button&amp#27;[0m                                          &amp#27;[90m# com.hiberus.university.mario.maven.first.StepDefs.LoginPageSteps.theUserClickTheLoginButton()&amp#27;[0m
  &amp#27;[32mThen &amp#27;[0m&amp#27;[32mthe user should be shown an invalid message&amp#27;[0m                              &amp#27;[90m# com.hiberus.university.mario.maven.first.StepDefs.LoginPageSteps.theUserShouldBeShownAnInvalidMessage()&amp#27;[0m
]]></system-out>
    <system-err><![CDATA[[main] INFO com.hiberus.university.mario.maven.first.Support.Hooks - startingVerify invalid user cannot login
Starting ChromeDriver 114.0.5735.90 (386bc09e8f4f2e025eddae123f36f6263096ae49-refs/branch-heads/5735@{#1052}) on port 5643
Only local connections are allowed.
Please see https://chromedriver.chromium.org/security-considerations for suggestions on keeping ChromeDriver safe.
ChromeDriver was started successfully.
may 31, 2023 7:41:57 P. M. org.openqa.selenium.devtools.CdpVersionFinder findNearestMatch
WARNING: Unable to find an exact match for CDP version 114, so returning the closest version found: 110
[main] INFO com.hiberus.university.mario.maven.first.StepDefs.LoginPageSteps - the user is on home page
[main] INFO com.hiberus.university.mario.maven.first.Pages.LoginPage - Rellenando usuario...
[main] INFO com.hiberus.university.mario.maven.first.Pages.LoginPage - Introduciendo contraseña...
[main] INFO com.hiberus.university.mario.maven.first.Pages.LoginPage - Logging in...
[main] INFO com.hiberus.university.mario.maven.first.Support.Hooks - ending Verify invalid user cannot login
[AsyncHttpClient-1-5] WARN org.asynchttpclient.netty.handler.WebSocketHandler - onError
java.net.SocketException: Connection reset
	at java.base/sun.nio.ch.SocketChannelImpl.throwConnectionReset(SocketChannelImpl.java:394)
	at java.base/sun.nio.ch.SocketChannelImpl.read(SocketChannelImpl.java:426)
	at io.netty.buffer.PooledByteBuf.setBytes(PooledByteBuf.java:259)
	at io.netty.buffer.AbstractByteBuf.writeBytes(AbstractByteBuf.java:1132)
	at io.netty.buffer.WrappedByteBuf.writeBytes(WrappedByteBuf.java:821)
	at io.netty.channel.socket.nio.NioSocketChannel.doReadBytes(NioSocketChannel.java:357)
	at io.netty.channel.nio.AbstractNioByteChannel$NioByteUnsafe.read(AbstractNioByteChannel.java:151)
	at io.netty.channel.nio.NioEventLoop.processSelectedKey(NioEventLoop.java:788)
	at io.netty.channel.nio.NioEventLoop.processSelectedKeysOptimized(NioEventLoop.java:724)
	at io.netty.channel.nio.NioEventLoop.processSelectedKeys(NioEventLoop.java:650)
	at io.netty.channel.nio.NioEventLoop.run(NioEventLoop.java:562)
	at io.netty.util.concurrent.SingleThreadEventExecutor$4.run(SingleThreadEventExecutor.java:997)
	at io.netty.util.internal.ThreadExecutorMap$2.run(ThreadExecutorMap.java:74)
	at io.netty.util.concurrent.FastThreadLocalRunnable.run(FastThreadLocalRunnable.java:30)
	at java.base/java.lang.Thread.run(Thread.java:833)
may 31, 2023 7:42:01 P. M. org.openqa.selenium.remote.http.WebSocket$Listener onError
WARNING: Connection reset
java.net.SocketException: Connection reset
	at java.base/sun.nio.ch.SocketChannelImpl.throwConnectionReset(SocketChannelImpl.java:394)
	at java.base/sun.nio.ch.SocketChannelImpl.read(SocketChannelImpl.java:426)
	at io.netty.buffer.PooledByteBuf.setBytes(PooledByteBuf.java:259)
	at io.netty.buffer.AbstractByteBuf.writeBytes(AbstractByteBuf.java:1132)
	at io.netty.buffer.WrappedByteBuf.writeBytes(WrappedByteBuf.java:821)
	at io.netty.channel.socket.nio.NioSocketChannel.doReadBytes(NioSocketChannel.java:357)
	at io.netty.channel.nio.AbstractNioByteChannel$NioByteUnsafe.read(AbstractNioByteChannel.java:151)
	at io.netty.channel.nio.NioEventLoop.processSelectedKey(NioEventLoop.java:788)
	at io.netty.channel.nio.NioEventLoop.processSelectedKeysOptimized(NioEventLoop.java:724)
	at io.netty.channel.nio.NioEventLoop.processSelectedKeys(NioEventLoop.java:650)
	at io.netty.channel.nio.NioEventLoop.run(NioEventLoop.java:562)
	at io.netty.util.concurrent.SingleThreadEventExecutor$4.run(SingleThreadEventExecutor.java:997)
	at io.netty.util.internal.ThreadExecutorMap$2.run(ThreadExecutorMap.java:74)
	at io.netty.util.concurrent.FastThreadLocalRunnable.run(FastThreadLocalRunnable.java:30)
	at java.base/java.lang.Thread.run(Thread.java:833)

]]></system-err>
  </testcase>
  <testcase name="Verify that the user can log out" classname="LogOut Test Suite" time="8.547">
    <system-out><![CDATA[
@LogOut @VerifyLogOut
Scenario: Verify that the user can log out             &amp#27;[90m# src/test/resources/logout.feature:9&amp#27;[0m
  &amp#27;[32mGiven &amp#27;[0m&amp#27;[32mthe user has logged in successfully&amp#27;[0m            &amp#27;[90m# com.hiberus.university.mario.maven.first.StepDefs.CarritoPageSteps.theUserHasLoggedInSuccessfully()&amp#27;[0m
  &amp#27;[32mAnd &amp#27;[0m&amp#27;[32mthe user is in the inventory page&amp#27;[0m                &amp#27;[90m# com.hiberus.university.mario.maven.first.StepDefs.CarritoPageSteps.theUserIsInTheInventoryPage()&amp#27;[0m
  &amp#27;[32mWhen &amp#27;[0m&amp#27;[32mthe user clicks on the account dropdown menu&amp#27;[0m    &amp#27;[90m# com.hiberus.university.mario.maven.first.StepDefs.LogOutPageSteps.theUserClicksOnTheAccountDropdownMenu()&amp#27;[0m
  &amp#27;[32mAnd &amp#27;[0m&amp#27;[32mthe user selects the log out option&amp#27;[0m              &amp#27;[90m# com.hiberus.university.mario.maven.first.StepDefs.LogOutPageSteps.theUserSelectsTheLogOutOption()&amp#27;[0m
  &amp#27;[32mThen &amp#27;[0m&amp#27;[32mthe user should be redirected to the login page&amp#27;[0m &amp#27;[90m# com.hiberus.university.mario.maven.first.StepDefs.LogOutPageSteps.theUserShouldBeRedirectedToTheLoginPage()&amp#27;[0m
]]></system-out>
    <system-err><![CDATA[[main] INFO com.hiberus.university.mario.maven.first.Support.Hooks - startingVerify that the user can log out
Starting ChromeDriver 114.0.5735.90 (386bc09e8f4f2e025eddae123f36f6263096ae49-refs/branch-heads/5735@{#1052}) on port 42709
Only local connections are allowed.
Please see https://chromedriver.chromium.org/security-considerations for suggestions on keeping ChromeDriver safe.
ChromeDriver was started successfully.
may 31, 2023 7:42:07 P. M. org.openqa.selenium.devtools.CdpVersionFinder findNearestMatch
WARNING: Unable to find an exact match for CDP version 114, so returning the closest version found: 110
[main] INFO com.hiberus.university.mario.maven.first.Support.Hooks - ending Verify that the user can log out
[AsyncHttpClient-1-8] WARN org.asynchttpclient.netty.handler.WebSocketHandler - onError
java.net.SocketException: Connection reset
	at java.base/sun.nio.ch.SocketChannelImpl.throwConnectionReset(SocketChannelImpl.java:394)
	at java.base/sun.nio.ch.SocketChannelImpl.read(SocketChannelImpl.java:426)
	at io.netty.buffer.PooledByteBuf.setBytes(PooledByteBuf.java:259)
	at io.netty.buffer.AbstractByteBuf.writeBytes(AbstractByteBuf.java:1132)
	at io.netty.channel.socket.nio.NioSocketChannel.doReadBytes(NioSocketChannel.java:357)
	at io.netty.channel.nio.AbstractNioByteChannel$NioByteUnsafe.read(AbstractNioByteChannel.java:151)
	at io.netty.channel.nio.NioEventLoop.processSelectedKey(NioEventLoop.java:788)
	at io.netty.channel.nio.NioEventLoop.processSelectedKeysOptimized(NioEventLoop.java:724)
	at io.netty.channel.nio.NioEventLoop.processSelectedKeys(NioEventLoop.java:650)
	at io.netty.channel.nio.NioEventLoop.run(NioEventLoop.java:562)
	at io.netty.util.concurrent.SingleThreadEventExecutor$4.run(SingleThreadEventExecutor.java:997)
	at io.netty.util.internal.ThreadExecutorMap$2.run(ThreadExecutorMap.java:74)
	at io.netty.util.concurrent.FastThreadLocalRunnable.run(FastThreadLocalRunnable.java:30)
	at java.base/java.lang.Thread.run(Thread.java:833)
may 31, 2023 7:42:11 P. M. org.openqa.selenium.remote.http.WebSocket$Listener onError
WARNING: Connection reset
java.net.SocketException: Connection reset
	at java.base/sun.nio.ch.SocketChannelImpl.throwConnectionReset(SocketChannelImpl.java:394)
	at java.base/sun.nio.ch.SocketChannelImpl.read(SocketChannelImpl.java:426)
	at io.netty.buffer.PooledByteBuf.setBytes(PooledByteBuf.java:259)
	at io.netty.buffer.AbstractByteBuf.writeBytes(AbstractByteBuf.java:1132)
	at io.netty.channel.socket.nio.NioSocketChannel.doReadBytes(NioSocketChannel.java:357)
	at io.netty.channel.nio.AbstractNioByteChannel$NioByteUnsafe.read(AbstractNioByteChannel.java:151)
	at io.netty.channel.nio.NioEventLoop.processSelectedKey(NioEventLoop.java:788)
	at io.netty.channel.nio.NioEventLoop.processSelectedKeysOptimized(NioEventLoop.java:724)
	at io.netty.channel.nio.NioEventLoop.processSelectedKeys(NioEventLoop.java:650)
	at io.netty.channel.nio.NioEventLoop.run(NioEventLoop.java:562)
	at io.netty.util.concurrent.SingleThreadEventExecutor$4.run(SingleThreadEventExecutor.java:997)
	at io.netty.util.internal.ThreadExecutorMap$2.run(ThreadExecutorMap.java:74)
	at io.netty.util.concurrent.FastThreadLocalRunnable.run(FastThreadLocalRunnable.java:30)
	at java.base/java.lang.Thread.run(Thread.java:833)

]]></system-err>
  </testcase>
</testsuite>